
*** Running vivado
    with args -log design_led_buttons_wrapper.vdi -applog -m64 -product Vivado -messageDb vivado.pb -mode batch -source design_led_buttons_wrapper.tcl -notrace


****** Vivado v2016.4 (64-bit)
  **** SW Build 1756540 on Mon Jan 23 19:11:23 MST 2017
  **** IP Build 1755317 on Mon Jan 23 20:30:07 MST 2017
    ** Copyright 1986-2016 Xilinx, Inc. All Rights Reserved.

source design_led_buttons_wrapper.tcl -notrace
Design is defaulting to srcset: sources_1
Design is defaulting to constrset: constrs_1
INFO: [Project 1-454] Reading design checkpoint 'c:/Users/kab/Desktop/workspace/ZedBoard_GPIO_Buttons/ZedBoard_GPIO_Buttons.srcs/sources_1/bd/design_led_buttons/ip/design_led_buttons_axi_gpio_0_0/design_led_buttons_axi_gpio_0_0.dcp' for cell 'design_led_buttons_i/axi_gpio_0'
INFO: [Project 1-454] Reading design checkpoint 'c:/Users/kab/Desktop/workspace/ZedBoard_GPIO_Buttons/ZedBoard_GPIO_Buttons.srcs/sources_1/bd/design_led_buttons/ip/design_led_buttons_axi_gpio_1_0/design_led_buttons_axi_gpio_1_0.dcp' for cell 'design_led_buttons_i/axi_gpio_1'
INFO: [Project 1-454] Reading design checkpoint 'c:/Users/kab/Desktop/workspace/ZedBoard_GPIO_Buttons/ZedBoard_GPIO_Buttons.srcs/sources_1/bd/design_led_buttons/ip/design_led_buttons_processing_system7_0_0/design_led_buttons_processing_system7_0_0.dcp' for cell 'design_led_buttons_i/processing_system7_0'
INFO: [Project 1-454] Reading design checkpoint 'c:/Users/kab/Desktop/workspace/ZedBoard_GPIO_Buttons/ZedBoard_GPIO_Buttons.srcs/sources_1/bd/design_led_buttons/ip/design_led_buttons_rst_ps7_0_100M_0/design_led_buttons_rst_ps7_0_100M_0.dcp' for cell 'design_led_buttons_i/rst_ps7_0_100M'
INFO: [Project 1-454] Reading design checkpoint 'c:/Users/kab/Desktop/workspace/ZedBoard_GPIO_Buttons/ZedBoard_GPIO_Buttons.srcs/sources_1/bd/design_led_buttons/ip/design_led_buttons_xbar_0/design_led_buttons_xbar_0.dcp' for cell 'design_led_buttons_i/ps7_0_axi_periph/xbar'
INFO: [Project 1-454] Reading design checkpoint 'c:/Users/kab/Desktop/workspace/ZedBoard_GPIO_Buttons/ZedBoard_GPIO_Buttons.srcs/sources_1/bd/design_led_buttons/ip/design_led_buttons_auto_pc_0/design_led_buttons_auto_pc_0.dcp' for cell 'design_led_buttons_i/ps7_0_axi_periph/s00_couplers/auto_pc'
INFO: [Netlist 29-17] Analyzing 26 Unisim elements for replacement
INFO: [Netlist 29-28] Unisim Transformation completed in 0 CPU seconds
INFO: [Project 1-479] Netlist was created with Vivado 2016.4
INFO: [Device 21-403] Loading part xc7z020clg484-1
INFO: [Project 1-570] Preparing netlist for logic optimization
WARNING: [Constraints 18-550] Could not create 'IOSTANDARD' constraint because net 'design_led_buttons_i/axi_gpio_0/gpio_io_o[0]' is not directly connected to top level port. 'IOSTANDARD' is ignored by Vivado but preserved for implementation tool. [C:/Users/kab/Desktop/workspace/ZedBoard_GPIO_Buttons/ZedBoard_GPIO_Buttons.runs/impl_1/.Xil/Vivado-11168-KAB-nb-t470p/dcp_3/design_led_buttons_axi_gpio_0_0.edf:5159]
WARNING: [Constraints 18-550] Could not create 'IOSTANDARD' constraint because net 'design_led_buttons_i/axi_gpio_0/gpio_io_o[1]' is not directly connected to top level port. 'IOSTANDARD' is ignored by Vivado but preserved for implementation tool. [C:/Users/kab/Desktop/workspace/ZedBoard_GPIO_Buttons/ZedBoard_GPIO_Buttons.runs/impl_1/.Xil/Vivado-11168-KAB-nb-t470p/dcp_3/design_led_buttons_axi_gpio_0_0.edf:5166]
WARNING: [Constraints 18-550] Could not create 'IOSTANDARD' constraint because net 'design_led_buttons_i/axi_gpio_0/gpio_io_o[2]' is not directly connected to top level port. 'IOSTANDARD' is ignored by Vivado but preserved for implementation tool. [C:/Users/kab/Desktop/workspace/ZedBoard_GPIO_Buttons/ZedBoard_GPIO_Buttons.runs/impl_1/.Xil/Vivado-11168-KAB-nb-t470p/dcp_3/design_led_buttons_axi_gpio_0_0.edf:5173]
WARNING: [Constraints 18-550] Could not create 'IOSTANDARD' constraint because net 'design_led_buttons_i/axi_gpio_0/gpio_io_o[3]' is not directly connected to top level port. 'IOSTANDARD' is ignored by Vivado but preserved for implementation tool. [C:/Users/kab/Desktop/workspace/ZedBoard_GPIO_Buttons/ZedBoard_GPIO_Buttons.runs/impl_1/.Xil/Vivado-11168-KAB-nb-t470p/dcp_3/design_led_buttons_axi_gpio_0_0.edf:5180]
WARNING: [Constraints 18-550] Could not create 'IOSTANDARD' constraint because net 'design_led_buttons_i/axi_gpio_0/gpio_io_o[4]' is not directly connected to top level port. 'IOSTANDARD' is ignored by Vivado but preserved for implementation tool. [C:/Users/kab/Desktop/workspace/ZedBoard_GPIO_Buttons/ZedBoard_GPIO_Buttons.runs/impl_1/.Xil/Vivado-11168-KAB-nb-t470p/dcp_3/design_led_buttons_axi_gpio_0_0.edf:5187]
WARNING: [Constraints 18-550] Could not create 'IOSTANDARD' constraint because net 'design_led_buttons_i/axi_gpio_0/gpio_io_o[5]' is not directly connected to top level port. 'IOSTANDARD' is ignored by Vivado but preserved for implementation tool. [C:/Users/kab/Desktop/workspace/ZedBoard_GPIO_Buttons/ZedBoard_GPIO_Buttons.runs/impl_1/.Xil/Vivado-11168-KAB-nb-t470p/dcp_3/design_led_buttons_axi_gpio_0_0.edf:5194]
WARNING: [Constraints 18-550] Could not create 'IOSTANDARD' constraint because net 'design_led_buttons_i/axi_gpio_0/gpio_io_o[6]' is not directly connected to top level port. 'IOSTANDARD' is ignored by Vivado but preserved for implementation tool. [C:/Users/kab/Desktop/workspace/ZedBoard_GPIO_Buttons/ZedBoard_GPIO_Buttons.runs/impl_1/.Xil/Vivado-11168-KAB-nb-t470p/dcp_3/design_led_buttons_axi_gpio_0_0.edf:5201]
WARNING: [Constraints 18-550] Could not create 'IOSTANDARD' constraint because net 'design_led_buttons_i/axi_gpio_0/gpio_io_o[7]' is not directly connected to top level port. 'IOSTANDARD' is ignored by Vivado but preserved for implementation tool. [C:/Users/kab/Desktop/workspace/ZedBoard_GPIO_Buttons/ZedBoard_GPIO_Buttons.runs/impl_1/.Xil/Vivado-11168-KAB-nb-t470p/dcp_3/design_led_buttons_axi_gpio_0_0.edf:5208]
WARNING: [Constraints 18-550] Could not create 'IOSTANDARD' constraint because net 'design_led_buttons_i/axi_gpio_1/gpio_io_i[0]' is not directly connected to top level port. 'IOSTANDARD' is ignored by Vivado but preserved for implementation tool. [C:/Users/kab/Desktop/workspace/ZedBoard_GPIO_Buttons/ZedBoard_GPIO_Buttons.runs/impl_1/.Xil/Vivado-11168-KAB-nb-t470p/dcp_4/design_led_buttons_axi_gpio_1_0.edf:7333]
WARNING: [Constraints 18-550] Could not create 'IOSTANDARD' constraint because net 'design_led_buttons_i/axi_gpio_1/gpio_io_i[1]' is not directly connected to top level port. 'IOSTANDARD' is ignored by Vivado but preserved for implementation tool. [C:/Users/kab/Desktop/workspace/ZedBoard_GPIO_Buttons/ZedBoard_GPIO_Buttons.runs/impl_1/.Xil/Vivado-11168-KAB-nb-t470p/dcp_4/design_led_buttons_axi_gpio_1_0.edf:7340]
WARNING: [Constraints 18-550] Could not create 'IOSTANDARD' constraint because net 'design_led_buttons_i/axi_gpio_1/gpio_io_i[2]' is not directly connected to top level port. 'IOSTANDARD' is ignored by Vivado but preserved for implementation tool. [C:/Users/kab/Desktop/workspace/ZedBoard_GPIO_Buttons/ZedBoard_GPIO_Buttons.runs/impl_1/.Xil/Vivado-11168-KAB-nb-t470p/dcp_4/design_led_buttons_axi_gpio_1_0.edf:7347]
WARNING: [Constraints 18-550] Could not create 'IOSTANDARD' constraint because net 'design_led_buttons_i/axi_gpio_1/gpio_io_i[3]' is not directly connected to top level port. 'IOSTANDARD' is ignored by Vivado but preserved for implementation tool. [C:/Users/kab/Desktop/workspace/ZedBoard_GPIO_Buttons/ZedBoard_GPIO_Buttons.runs/impl_1/.Xil/Vivado-11168-KAB-nb-t470p/dcp_4/design_led_buttons_axi_gpio_1_0.edf:7354]
WARNING: [Constraints 18-550] Could not create 'IOSTANDARD' constraint because net 'design_led_buttons_i/axi_gpio_1/gpio_io_i[4]' is not directly connected to top level port. 'IOSTANDARD' is ignored by Vivado but preserved for implementation tool. [C:/Users/kab/Desktop/workspace/ZedBoard_GPIO_Buttons/ZedBoard_GPIO_Buttons.runs/impl_1/.Xil/Vivado-11168-KAB-nb-t470p/dcp_4/design_led_buttons_axi_gpio_1_0.edf:7361]
WARNING: [Constraints 18-550] Could not create 'IOSTANDARD' constraint because net 'design_led_buttons_i/axi_gpio_1/gpio_io_i[5]' is not directly connected to top level port. 'IOSTANDARD' is ignored by Vivado but preserved for implementation tool. [C:/Users/kab/Desktop/workspace/ZedBoard_GPIO_Buttons/ZedBoard_GPIO_Buttons.runs/impl_1/.Xil/Vivado-11168-KAB-nb-t470p/dcp_4/design_led_buttons_axi_gpio_1_0.edf:7368]
WARNING: [Constraints 18-550] Could not create 'IOSTANDARD' constraint because net 'design_led_buttons_i/axi_gpio_1/gpio_io_i[6]' is not directly connected to top level port. 'IOSTANDARD' is ignored by Vivado but preserved for implementation tool. [C:/Users/kab/Desktop/workspace/ZedBoard_GPIO_Buttons/ZedBoard_GPIO_Buttons.runs/impl_1/.Xil/Vivado-11168-KAB-nb-t470p/dcp_4/design_led_buttons_axi_gpio_1_0.edf:7375]
WARNING: [Constraints 18-550] Could not create 'IOSTANDARD' constraint because net 'design_led_buttons_i/axi_gpio_1/gpio_io_i[7]' is not directly connected to top level port. 'IOSTANDARD' is ignored by Vivado but preserved for implementation tool. [C:/Users/kab/Desktop/workspace/ZedBoard_GPIO_Buttons/ZedBoard_GPIO_Buttons.runs/impl_1/.Xil/Vivado-11168-KAB-nb-t470p/dcp_4/design_led_buttons_axi_gpio_1_0.edf:7382]
Parsing XDC File [c:/Users/kab/Desktop/workspace/ZedBoard_GPIO_Buttons/ZedBoard_GPIO_Buttons.srcs/sources_1/bd/design_led_buttons/ip/design_led_buttons_processing_system7_0_0/design_led_buttons_processing_system7_0_0.xdc] for cell 'design_led_buttons_i/processing_system7_0/inst'
Finished Parsing XDC File [c:/Users/kab/Desktop/workspace/ZedBoard_GPIO_Buttons/ZedBoard_GPIO_Buttons.srcs/sources_1/bd/design_led_buttons/ip/design_led_buttons_processing_system7_0_0/design_led_buttons_processing_system7_0_0.xdc] for cell 'design_led_buttons_i/processing_system7_0/inst'
Parsing XDC File [c:/Users/kab/Desktop/workspace/ZedBoard_GPIO_Buttons/ZedBoard_GPIO_Buttons.srcs/sources_1/bd/design_led_buttons/ip/design_led_buttons_axi_gpio_0_0/design_led_buttons_axi_gpio_0_0_board.xdc] for cell 'design_led_buttons_i/axi_gpio_0/U0'
Finished Parsing XDC File [c:/Users/kab/Desktop/workspace/ZedBoard_GPIO_Buttons/ZedBoard_GPIO_Buttons.srcs/sources_1/bd/design_led_buttons/ip/design_led_buttons_axi_gpio_0_0/design_led_buttons_axi_gpio_0_0_board.xdc] for cell 'design_led_buttons_i/axi_gpio_0/U0'
Parsing XDC File [c:/Users/kab/Desktop/workspace/ZedBoard_GPIO_Buttons/ZedBoard_GPIO_Buttons.srcs/sources_1/bd/design_led_buttons/ip/design_led_buttons_axi_gpio_0_0/design_led_buttons_axi_gpio_0_0.xdc] for cell 'design_led_buttons_i/axi_gpio_0/U0'
Finished Parsing XDC File [c:/Users/kab/Desktop/workspace/ZedBoard_GPIO_Buttons/ZedBoard_GPIO_Buttons.srcs/sources_1/bd/design_led_buttons/ip/design_led_buttons_axi_gpio_0_0/design_led_buttons_axi_gpio_0_0.xdc] for cell 'design_led_buttons_i/axi_gpio_0/U0'
Parsing XDC File [c:/Users/kab/Desktop/workspace/ZedBoard_GPIO_Buttons/ZedBoard_GPIO_Buttons.srcs/sources_1/bd/design_led_buttons/ip/design_led_buttons_axi_gpio_1_0/design_led_buttons_axi_gpio_1_0_board.xdc] for cell 'design_led_buttons_i/axi_gpio_1/U0'
Finished Parsing XDC File [c:/Users/kab/Desktop/workspace/ZedBoard_GPIO_Buttons/ZedBoard_GPIO_Buttons.srcs/sources_1/bd/design_led_buttons/ip/design_led_buttons_axi_gpio_1_0/design_led_buttons_axi_gpio_1_0_board.xdc] for cell 'design_led_buttons_i/axi_gpio_1/U0'
Parsing XDC File [c:/Users/kab/Desktop/workspace/ZedBoard_GPIO_Buttons/ZedBoard_GPIO_Buttons.srcs/sources_1/bd/design_led_buttons/ip/design_led_buttons_axi_gpio_1_0/design_led_buttons_axi_gpio_1_0.xdc] for cell 'design_led_buttons_i/axi_gpio_1/U0'
Finished Parsing XDC File [c:/Users/kab/Desktop/workspace/ZedBoard_GPIO_Buttons/ZedBoard_GPIO_Buttons.srcs/sources_1/bd/design_led_buttons/ip/design_led_buttons_axi_gpio_1_0/design_led_buttons_axi_gpio_1_0.xdc] for cell 'design_led_buttons_i/axi_gpio_1/U0'
Parsing XDC File [c:/Users/kab/Desktop/workspace/ZedBoard_GPIO_Buttons/ZedBoard_GPIO_Buttons.srcs/sources_1/bd/design_led_buttons/ip/design_led_buttons_rst_ps7_0_100M_0/design_led_buttons_rst_ps7_0_100M_0_board.xdc] for cell 'design_led_buttons_i/rst_ps7_0_100M/U0'
Finished Parsing XDC File [c:/Users/kab/Desktop/workspace/ZedBoard_GPIO_Buttons/ZedBoard_GPIO_Buttons.srcs/sources_1/bd/design_led_buttons/ip/design_led_buttons_rst_ps7_0_100M_0/design_led_buttons_rst_ps7_0_100M_0_board.xdc] for cell 'design_led_buttons_i/rst_ps7_0_100M/U0'
Parsing XDC File [c:/Users/kab/Desktop/workspace/ZedBoard_GPIO_Buttons/ZedBoard_GPIO_Buttons.srcs/sources_1/bd/design_led_buttons/ip/design_led_buttons_rst_ps7_0_100M_0/design_led_buttons_rst_ps7_0_100M_0.xdc] for cell 'design_led_buttons_i/rst_ps7_0_100M/U0'
Finished Parsing XDC File [c:/Users/kab/Desktop/workspace/ZedBoard_GPIO_Buttons/ZedBoard_GPIO_Buttons.srcs/sources_1/bd/design_led_buttons/ip/design_led_buttons_rst_ps7_0_100M_0/design_led_buttons_rst_ps7_0_100M_0.xdc] for cell 'design_led_buttons_i/rst_ps7_0_100M/U0'
INFO: [Project 1-538] Using original IP XDC constraints instead of the XDC constraints in dcp 'c:/Users/kab/Desktop/workspace/ZedBoard_GPIO_Buttons/ZedBoard_GPIO_Buttons.srcs/sources_1/bd/design_led_buttons/ip/design_led_buttons_processing_system7_0_0/design_led_buttons_processing_system7_0_0.dcp'
INFO: [Project 1-538] Using original IP XDC constraints instead of the XDC constraints in dcp 'c:/Users/kab/Desktop/workspace/ZedBoard_GPIO_Buttons/ZedBoard_GPIO_Buttons.srcs/sources_1/bd/design_led_buttons/ip/design_led_buttons_axi_gpio_0_0/design_led_buttons_axi_gpio_0_0.dcp'
INFO: [Project 1-538] Using original IP XDC constraints instead of the XDC constraints in dcp 'c:/Users/kab/Desktop/workspace/ZedBoard_GPIO_Buttons/ZedBoard_GPIO_Buttons.srcs/sources_1/bd/design_led_buttons/ip/design_led_buttons_axi_gpio_1_0/design_led_buttons_axi_gpio_1_0.dcp'
INFO: [Project 1-538] Using original IP XDC constraints instead of the XDC constraints in dcp 'c:/Users/kab/Desktop/workspace/ZedBoard_GPIO_Buttons/ZedBoard_GPIO_Buttons.srcs/sources_1/bd/design_led_buttons/ip/design_led_buttons_rst_ps7_0_100M_0/design_led_buttons_rst_ps7_0_100M_0.dcp'
INFO: [Project 1-538] Using original IP XDC constraints instead of the XDC constraints in dcp 'c:/Users/kab/Desktop/workspace/ZedBoard_GPIO_Buttons/ZedBoard_GPIO_Buttons.srcs/sources_1/bd/design_led_buttons/ip/design_led_buttons_xbar_0/design_led_buttons_xbar_0.dcp'
INFO: [Project 1-538] Using original IP XDC constraints instead of the XDC constraints in dcp 'c:/Users/kab/Desktop/workspace/ZedBoard_GPIO_Buttons/ZedBoard_GPIO_Buttons.srcs/sources_1/bd/design_led_buttons/ip/design_led_buttons_auto_pc_0/design_led_buttons_auto_pc_0.dcp'
INFO: [Opt 31-138] Pushed 0 inverter(s) to 0 load pin(s).
INFO: [Project 1-111] Unisim Transformation Summary:
No Unisim elements were transformed.

link_design: Time (s): cpu = 00:00:07 ; elapsed = 00:00:08 . Memory (MB): peak = 546.820 ; gain = 300.949
Command: opt_design
Attempting to get a license for feature 'Implementation' and/or device 'xc7z020'
INFO: [Common 17-349] Got license for feature 'Implementation' and/or device 'xc7z020'
Running DRC as a precondition to command opt_design

Starting DRC Task
INFO: [DRC 23-27] Running DRC with 2 threads
INFO: [Project 1-461] DRC finished with 0 Errors
INFO: [Project 1-462] Please refer to the DRC report (report_drc) for more information.

Time (s): cpu = 00:00:01 ; elapsed = 00:00:00.450 . Memory (MB): peak = 557.766 ; gain = 10.945
INFO: [Timing 38-35] Done setting XDC timing constraints.

Starting Logic Optimization Task
Implement Debug Cores | Checksum: 25363af5d

Phase 1 Retarget
INFO: [Opt 31-138] Pushed 0 inverter(s) to 0 load pin(s).
INFO: [Opt 31-49] Retargeted 0 cell(s).
Phase 1 Retarget | Checksum: 175534225

Time (s): cpu = 00:00:00 ; elapsed = 00:00:00.160 . Memory (MB): peak = 1046.621 ; gain = 0.004

Phase 2 Constant propagation
INFO: [Opt 31-138] Pushed 0 inverter(s) to 0 load pin(s).
INFO: [Opt 31-10] Eliminated 158 cells.
Phase 2 Constant propagation | Checksum: 182051357

Time (s): cpu = 00:00:00 ; elapsed = 00:00:00.390 . Memory (MB): peak = 1046.621 ; gain = 0.004

Phase 3 Sweep
INFO: [Opt 31-12] Eliminated 205 unconnected nets.
INFO: [Opt 31-11] Eliminated 204 unconnected cells.
Phase 3 Sweep | Checksum: 16b12d5f2

Time (s): cpu = 00:00:01 ; elapsed = 00:00:00.837 . Memory (MB): peak = 1046.621 ; gain = 0.004

Phase 4 BUFG optimization
INFO: [Opt 31-12] Eliminated 0 unconnected nets.
INFO: [Opt 31-11] Eliminated 0 unconnected cells.
Phase 4 BUFG optimization | Checksum: 19b582319

Time (s): cpu = 00:00:01 ; elapsed = 00:00:01 . Memory (MB): peak = 1046.621 ; gain = 0.004

Starting Connectivity Check Task

Time (s): cpu = 00:00:00 ; elapsed = 00:00:00.005 . Memory (MB): peak = 1046.621 ; gain = 0.000
Ending Logic Optimization Task | Checksum: 19b582319

Time (s): cpu = 00:00:01 ; elapsed = 00:00:01 . Memory (MB): peak = 1046.621 ; gain = 0.004

Starting Power Optimization Task
INFO: [Pwropt 34-132] Skipping clock gating for clocks with a period < 2.00 ns.
Ending Power Optimization Task | Checksum: 19b582319

Time (s): cpu = 00:00:00 ; elapsed = 00:00:00.020 . Memory (MB): peak = 1046.621 ; gain = 0.000
INFO: [Common 17-83] Releasing license: Implementation
34 Infos, 16 Warnings, 0 Critical Warnings and 0 Errors encountered.
opt_design completed successfully
opt_design: Time (s): cpu = 00:00:12 ; elapsed = 00:00:12 . Memory (MB): peak = 1046.621 ; gain = 499.801
Writing placer database...
Writing XDEF routing.
Writing XDEF routing logical nets.
Writing XDEF routing special nets.
Write XDEF Complete: Time (s): cpu = 00:00:00 ; elapsed = 00:00:00.079 . Memory (MB): peak = 1046.621 ; gain = 0.000
INFO: [Common 17-1381] The checkpoint 'C:/Users/kab/Desktop/workspace/ZedBoard_GPIO_Buttons/ZedBoard_GPIO_Buttons.runs/impl_1/design_led_buttons_wrapper_opt.dcp' has been generated.
INFO: [DRC 23-27] Running DRC with 2 threads
INFO: [Coretcl 2-168] The results of DRC are in file C:/Users/kab/Desktop/workspace/ZedBoard_GPIO_Buttons/ZedBoard_GPIO_Buttons.runs/impl_1/design_led_buttons_wrapper_drc_opted.rpt.
INFO: [Chipscope 16-241] No debug cores found in the current design.
Before running the implement_debug_core command, either use the Set Up Debug wizard (GUI mode)
or use the create_debug_core and connect_debug_core Tcl commands to insert debug cores into the design.
Command: place_design
Attempting to get a license for feature 'Implementation' and/or device 'xc7z020'
INFO: [Common 17-349] Got license for feature 'Implementation' and/or device 'xc7z020'
INFO: [DRC 23-27] Running DRC with 2 threads
INFO: [Vivado_Tcl 4-198] DRC finished with 0 Errors
INFO: [Vivado_Tcl 4-199] Please refer to the DRC report (report_drc) for more information.
Running DRC as a precondition to command place_design
INFO: [DRC 23-27] Running DRC with 2 threads
INFO: [Vivado_Tcl 4-198] DRC finished with 0 Errors
INFO: [Vivado_Tcl 4-199] Please refer to the DRC report (report_drc) for more information.

Starting Placer Task
INFO: [Place 30-611] Multithreading enabled for place_design using a maximum of 2 CPUs

Phase 1 Placer Initialization
Netlist sorting complete. Time (s): cpu = 00:00:00 ; elapsed = 00:00:00.006 . Memory (MB): peak = 1046.621 ; gain = 0.000
Netlist sorting complete. Time (s): cpu = 00:00:00 ; elapsed = 00:00:00.005 . Memory (MB): peak = 1046.621 ; gain = 0.000

Phase 1.1 IO Placement/ Clock Placement/ Build Placer Device
INFO: [Timing 38-35] Done setting XDC timing constraints.
Phase 1.1 IO Placement/ Clock Placement/ Build Placer Device | Checksum: e93d1f1f

Time (s): cpu = 00:00:02 ; elapsed = 00:00:02 . Memory (MB): peak = 1074.008 ; gain = 27.387

Phase 1.2 Build Placer Netlist Model
Phase 1.2 Build Placer Netlist Model | Checksum: 144fc8b70

Time (s): cpu = 00:00:03 ; elapsed = 00:00:02 . Memory (MB): peak = 1074.008 ; gain = 27.387

Phase 1.3 Constrain Clocks/Macros
Phase 1.3 Constrain Clocks/Macros | Checksum: 144fc8b70

Time (s): cpu = 00:00:03 ; elapsed = 00:00:02 . Memory (MB): peak = 1074.008 ; gain = 27.387
Phase 1 Placer Initialization | Checksum: 144fc8b70

Time (s): cpu = 00:00:03 ; elapsed = 00:00:02 . Memory (MB): peak = 1074.008 ; gain = 27.387

Phase 2 Global Placement
Phase 2 Global Placement | Checksum: 1a12739a4

Time (s): cpu = 00:00:05 ; elapsed = 00:00:03 . Memory (MB): peak = 1074.008 ; gain = 27.387

Phase 3 Detail Placement

Phase 3.1 Commit Multi Column Macros
Phase 3.1 Commit Multi Column Macros | Checksum: 1a12739a4

Time (s): cpu = 00:00:05 ; elapsed = 00:00:03 . Memory (MB): peak = 1074.008 ; gain = 27.387

Phase 3.2 Commit Most Macros & LUTRAMs
Phase 3.2 Commit Most Macros & LUTRAMs | Checksum: fd01efd8

Time (s): cpu = 00:00:05 ; elapsed = 00:00:04 . Memory (MB): peak = 1074.008 ; gain = 27.387

Phase 3.3 Area Swap Optimization
Phase 3.3 Area Swap Optimization | Checksum: 1bc238fb7

Time (s): cpu = 00:00:05 ; elapsed = 00:00:04 . Memory (MB): peak = 1074.008 ; gain = 27.387

Phase 3.4 Pipeline Register Optimization
Phase 3.4 Pipeline Register Optimization | Checksum: 1bc238fb7

Time (s): cpu = 00:00:05 ; elapsed = 00:00:04 . Memory (MB): peak = 1074.008 ; gain = 27.387

Phase 3.5 Timing Path Optimizer
Phase 3.5 Timing Path Optimizer | Checksum: ede1158c

Time (s): cpu = 00:00:06 ; elapsed = 00:00:04 . Memory (MB): peak = 1074.008 ; gain = 27.387

Phase 3.6 Small Shape Detail Placement
Phase 3.6 Small Shape Detail Placement | Checksum: 167607a7f

Time (s): cpu = 00:00:06 ; elapsed = 00:00:04 . Memory (MB): peak = 1074.008 ; gain = 27.387

Phase 3.7 Re-assign LUT pins
Phase 3.7 Re-assign LUT pins | Checksum: 2085bc281

Time (s): cpu = 00:00:06 ; elapsed = 00:00:04 . Memory (MB): peak = 1074.008 ; gain = 27.387

Phase 3.8 Pipeline Register Optimization
Phase 3.8 Pipeline Register Optimization | Checksum: 2085bc281

Time (s): cpu = 00:00:06 ; elapsed = 00:00:04 . Memory (MB): peak = 1074.008 ; gain = 27.387
Phase 3 Detail Placement | Checksum: 2085bc281

Time (s): cpu = 00:00:06 ; elapsed = 00:00:04 . Memory (MB): peak = 1074.008 ; gain = 27.387

Phase 4 Post Placement Optimization and Clean-Up

Phase 4.1 Post Commit Optimization
INFO: [Timing 38-35] Done setting XDC timing constraints.

Phase 4.1.1 Post Placement Optimization
INFO: [Place 30-746] Post Placement Timing Summary WNS=4.120. For the most accurate timing information please run report_timing.
Phase 4.1.1 Post Placement Optimization | Checksum: 19175602c

Time (s): cpu = 00:00:07 ; elapsed = 00:00:05 . Memory (MB): peak = 1074.008 ; gain = 27.387
Phase 4.1 Post Commit Optimization | Checksum: 19175602c

Time (s): cpu = 00:00:07 ; elapsed = 00:00:05 . Memory (MB): peak = 1074.008 ; gain = 27.387

Phase 4.2 Post Placement Cleanup
Phase 4.2 Post Placement Cleanup | Checksum: 19175602c

Time (s): cpu = 00:00:07 ; elapsed = 00:00:05 . Memory (MB): peak = 1074.008 ; gain = 27.387

Phase 4.3 Placer Reporting
Phase 4.3 Placer Reporting | Checksum: 19175602c

Time (s): cpu = 00:00:07 ; elapsed = 00:00:05 . Memory (MB): peak = 1074.008 ; gain = 27.387

Phase 4.4 Final Placement Cleanup
Phase 4.4 Final Placement Cleanup | Checksum: 212c3ebab

Time (s): cpu = 00:00:07 ; elapsed = 00:00:05 . Memory (MB): peak = 1074.008 ; gain = 27.387
Phase 4 Post Placement Optimization and Clean-Up | Checksum: 212c3ebab

Time (s): cpu = 00:00:07 ; elapsed = 00:00:05 . Memory (MB): peak = 1074.008 ; gain = 27.387
Ending Placer Task | Checksum: 1aed7a0bb

Time (s): cpu = 00:00:07 ; elapsed = 00:00:05 . Memory (MB): peak = 1074.008 ; gain = 27.387
INFO: [Common 17-83] Releasing license: Implementation
50 Infos, 16 Warnings, 0 Critical Warnings and 0 Errors encountered.
place_design completed successfully
place_design: Time (s): cpu = 00:00:09 ; elapsed = 00:00:06 . Memory (MB): peak = 1074.008 ; gain = 27.387
Writing placer database...
Writing XDEF routing.
Writing XDEF routing logical nets.
Writing XDEF routing special nets.
Write XDEF Complete: Time (s): cpu = 00:00:01 ; elapsed = 00:00:00.186 . Memory (MB): peak = 1074.008 ; gain = 0.000
INFO: [Common 17-1381] The checkpoint 'C:/Users/kab/Desktop/workspace/ZedBoard_GPIO_Buttons/ZedBoard_GPIO_Buttons.runs/impl_1/design_led_buttons_wrapper_placed.dcp' has been generated.
report_io: Time (s): cpu = 00:00:00 ; elapsed = 00:00:00.077 . Memory (MB): peak = 1074.008 ; gain = 0.000
report_utilization: Time (s): cpu = 00:00:00 ; elapsed = 00:00:00.019 . Memory (MB): peak = 1074.008 ; gain = 0.000
report_control_sets: Time (s): cpu = 00:00:00 ; elapsed = 00:00:00 . Memory (MB): peak = 1074.008 ; gain = 0.000
Command: route_design
Attempting to get a license for feature 'Implementation' and/or device 'xc7z020'
INFO: [Common 17-349] Got license for feature 'Implementation' and/or device 'xc7z020'
Running DRC as a precondition to command route_design
INFO: [DRC 23-27] Running DRC with 2 threads
INFO: [Vivado_Tcl 4-198] DRC finished with 0 Errors
INFO: [Vivado_Tcl 4-199] Please refer to the DRC report (report_drc) for more information.


Starting Routing Task
INFO: [Route 35-254] Multithreading enabled for route_design using a maximum of 2 CPUs
Checksum: PlaceDB: f71576fa ConstDB: 0 ShapeSum: b7c229c1 RouteDB: 0

Phase 1 Build RT Design
Phase 1 Build RT Design | Checksum: 6c52b39d

Time (s): cpu = 00:00:30 ; elapsed = 00:00:27 . Memory (MB): peak = 1213.309 ; gain = 139.301

Phase 2 Router Initialization

Phase 2.1 Create Timer
Phase 2.1 Create Timer | Checksum: 6c52b39d

Time (s): cpu = 00:00:31 ; elapsed = 00:00:27 . Memory (MB): peak = 1213.309 ; gain = 139.301

Phase 2.2 Fix Topology Constraints
Phase 2.2 Fix Topology Constraints | Checksum: 6c52b39d

Time (s): cpu = 00:00:31 ; elapsed = 00:00:27 . Memory (MB): peak = 1213.309 ; gain = 139.301

Phase 2.3 Pre Route Cleanup
Phase 2.3 Pre Route Cleanup | Checksum: 6c52b39d

Time (s): cpu = 00:00:31 ; elapsed = 00:00:27 . Memory (MB): peak = 1213.309 ; gain = 139.301
 Number of Nodes with overlaps = 0

Phase 2.4 Update Timing
Phase 2.4 Update Timing | Checksum: 1bdf2da6d

Time (s): cpu = 00:00:32 ; elapsed = 00:00:28 . Memory (MB): peak = 1221.332 ; gain = 147.324
INFO: [Route 35-416] Intermediate Timing Summary | WNS=4.175  | TNS=0.000  | WHS=-0.194 | THS=-20.109|

Phase 2 Router Initialization | Checksum: 11342762a

Time (s): cpu = 00:00:32 ; elapsed = 00:00:28 . Memory (MB): peak = 1221.332 ; gain = 147.324

Phase 3 Initial Routing
Phase 3 Initial Routing | Checksum: 1e4d09392

Time (s): cpu = 00:00:32 ; elapsed = 00:00:28 . Memory (MB): peak = 1221.332 ; gain = 147.324

Phase 4 Rip-up And Reroute

Phase 4.1 Global Iteration 0
 Number of Nodes with overlaps = 101
 Number of Nodes with overlaps = 1
 Number of Nodes with overlaps = 0

Phase 4.1.1 Update Timing
Phase 4.1.1 Update Timing | Checksum: 1aa89a593

Time (s): cpu = 00:00:33 ; elapsed = 00:00:28 . Memory (MB): peak = 1221.332 ; gain = 147.324
INFO: [Route 35-416] Intermediate Timing Summary | WNS=3.774  | TNS=0.000  | WHS=N/A    | THS=N/A    |

Phase 4.1 Global Iteration 0 | Checksum: 213ae5bc4

Time (s): cpu = 00:00:33 ; elapsed = 00:00:28 . Memory (MB): peak = 1221.332 ; gain = 147.324

Phase 4.2 Global Iteration 1
 Number of Nodes with overlaps = 0

Phase 4.2.1 Update Timing
Phase 4.2.1 Update Timing | Checksum: 1d355f11b

Time (s): cpu = 00:00:33 ; elapsed = 00:00:28 . Memory (MB): peak = 1221.332 ; gain = 147.324
INFO: [Route 35-416] Intermediate Timing Summary | WNS=3.774  | TNS=0.000  | WHS=N/A    | THS=N/A    |

Phase 4.2 Global Iteration 1 | Checksum: 1150af65b

Time (s): cpu = 00:00:33 ; elapsed = 00:00:28 . Memory (MB): peak = 1221.332 ; gain = 147.324
Phase 4 Rip-up And Reroute | Checksum: 1150af65b

Time (s): cpu = 00:00:33 ; elapsed = 00:00:28 . Memory (MB): peak = 1221.332 ; gain = 147.324

Phase 5 Delay and Skew Optimization

Phase 5.1 Delay CleanUp

Phase 5.1.1 Update Timing
Phase 5.1.1 Update Timing | Checksum: 17fde98be

Time (s): cpu = 00:00:33 ; elapsed = 00:00:28 . Memory (MB): peak = 1221.332 ; gain = 147.324
INFO: [Route 35-416] Intermediate Timing Summary | WNS=3.889  | TNS=0.000  | WHS=N/A    | THS=N/A    |

Phase 5.1 Delay CleanUp | Checksum: 17fde98be

Time (s): cpu = 00:00:33 ; elapsed = 00:00:28 . Memory (MB): peak = 1221.332 ; gain = 147.324

Phase 5.2 Clock Skew Optimization
Phase 5.2 Clock Skew Optimization | Checksum: 17fde98be

Time (s): cpu = 00:00:33 ; elapsed = 00:00:28 . Memory (MB): peak = 1221.332 ; gain = 147.324
Phase 5 Delay and Skew Optimization | Checksum: 17fde98be

Time (s): cpu = 00:00:33 ; elapsed = 00:00:28 . Memory (MB): peak = 1221.332 ; gain = 147.324

Phase 6 Post Hold Fix

Phase 6.1 Hold Fix Iter

Phase 6.1.1 Update Timing
Phase 6.1.1 Update Timing | Checksum: 15aa1fbe9

Time (s): cpu = 00:00:33 ; elapsed = 00:00:29 . Memory (MB): peak = 1221.332 ; gain = 147.324
INFO: [Route 35-416] Intermediate Timing Summary | WNS=3.889  | TNS=0.000  | WHS=0.032  | THS=0.000  |

Phase 6.1 Hold Fix Iter | Checksum: a6333a89

Time (s): cpu = 00:00:33 ; elapsed = 00:00:29 . Memory (MB): peak = 1221.332 ; gain = 147.324
Phase 6 Post Hold Fix | Checksum: a6333a89

Time (s): cpu = 00:00:33 ; elapsed = 00:00:29 . Memory (MB): peak = 1221.332 ; gain = 147.324

Phase 7 Route finalize

Router Utilization Summary
  Global Vertical Routing Utilization    = 0.227969 %
  Global Horizontal Routing Utilization  = 0.292174 %
  Routable Net Status*
  *Does not include unroutable nets such as driverless and loadless.
  Run report_route_status for detailed report.
  Number of Failed Nets               = 0
  Number of Unrouted Nets             = 0
  Number of Partially Routed Nets     = 0
  Number of Node Overlaps             = 0

Phase 7 Route finalize | Checksum: bb0bb41f

Time (s): cpu = 00:00:33 ; elapsed = 00:00:29 . Memory (MB): peak = 1221.332 ; gain = 147.324

Phase 8 Verifying routed nets

 Verification completed successfully
Phase 8 Verifying routed nets | Checksum: bb0bb41f

Time (s): cpu = 00:00:33 ; elapsed = 00:00:29 . Memory (MB): peak = 1221.332 ; gain = 147.324

Phase 9 Depositing Routes
Phase 9 Depositing Routes | Checksum: 7d5bac69

Time (s): cpu = 00:00:33 ; elapsed = 00:00:29 . Memory (MB): peak = 1221.332 ; gain = 147.324

Phase 10 Post Router Timing
INFO: [Route 35-57] Estimated Timing Summary | WNS=3.889  | TNS=0.000  | WHS=0.032  | THS=0.000  |

INFO: [Route 35-327] The final timing numbers are based on the router estimated timing analysis. For a complete and accurate timing signoff, please run report_timing_summary.
Phase 10 Post Router Timing | Checksum: 7d5bac69

Time (s): cpu = 00:00:33 ; elapsed = 00:00:29 . Memory (MB): peak = 1221.332 ; gain = 147.324
INFO: [Route 35-16] Router Completed Successfully

Time (s): cpu = 00:00:34 ; elapsed = 00:00:29 . Memory (MB): peak = 1221.332 ; gain = 147.324

Routing Is Done.
INFO: [Common 17-83] Releasing license: Implementation
65 Infos, 16 Warnings, 0 Critical Warnings and 0 Errors encountered.
route_design completed successfully
route_design: Time (s): cpu = 00:00:36 ; elapsed = 00:00:30 . Memory (MB): peak = 1221.332 ; gain = 147.324
Writing placer database...
Writing XDEF routing.
Writing XDEF routing logical nets.
Writing XDEF routing special nets.
Write XDEF Complete: Time (s): cpu = 00:00:00 ; elapsed = 00:00:00.234 . Memory (MB): peak = 1221.332 ; gain = 0.000
INFO: [Common 17-1381] The checkpoint 'C:/Users/kab/Desktop/workspace/ZedBoard_GPIO_Buttons/ZedBoard_GPIO_Buttons.runs/impl_1/design_led_buttons_wrapper_routed.dcp' has been generated.
INFO: [DRC 23-27] Running DRC with 2 threads
INFO: [Coretcl 2-168] The results of DRC are in file C:/Users/kab/Desktop/workspace/ZedBoard_GPIO_Buttons/ZedBoard_GPIO_Buttons.runs/impl_1/design_led_buttons_wrapper_drc_routed.rpt.
INFO: [Timing 38-35] Done setting XDC timing constraints.
INFO: [DRC 23-133] Running Methodology with 2 threads
INFO: [Coretcl 2-1520] The results of Report Methodology are in file C:/Users/kab/Desktop/workspace/ZedBoard_GPIO_Buttons/ZedBoard_GPIO_Buttons.runs/impl_1/design_led_buttons_wrapper_methodology_drc_routed.rpt.
INFO: [Timing 38-35] Done setting XDC timing constraints.
INFO: [Timing 38-91] UpdateTimingParams: Speed grade: -1, Delay Type: min_max.
INFO: [Timing 38-191] Multithreading enabled for timing update using a maximum of 2 CPUs
INFO: [Timing 38-35] Done setting XDC timing constraints.
Command: report_power -file design_led_buttons_wrapper_power_routed.rpt -pb design_led_buttons_wrapper_power_summary_routed.pb -rpx design_led_buttons_wrapper_power_routed.rpx
Running Vector-less Activity Propagation...

Finished Running Vector-less Activity Propagation
75 Infos, 16 Warnings, 0 Critical Warnings and 0 Errors encountered.
report_power completed successfully
Command: write_bitstream -force -no_partial_bitfile design_led_buttons_wrapper.bit
Attempting to get a license for feature 'Implementation' and/or device 'xc7z020'
INFO: [Common 17-349] Got license for feature 'Implementation' and/or device 'xc7z020'
Running DRC as a precondition to command write_bitstream
INFO: [DRC 23-27] Running DRC with 2 threads
INFO: [Vivado 12-3199] DRC finished with 0 Errors
INFO: [Vivado 12-3200] Please refer to the DRC report (report_drc) for more information.
Loading data files...
Loading site data...
Loading route data...
Processing options...
Creating bitmap...
Creating bitstream...
Writing bitstream ./design_led_buttons_wrapper.bit...
INFO: [Vivado 12-1842] Bitgen Completed Successfully.
INFO: [Project 1-120] WebTalk data collection is mandatory when using a WebPACK part without a full Vivado license. To see the specific WebTalk data collected for your design, open the usage_statistics_webtalk.html or usage_statistics_webtalk.xml file in the implementation directory.
INFO: [Common 17-186] 'C:/Users/kab/Desktop/workspace/ZedBoard_GPIO_Buttons/ZedBoard_GPIO_Buttons.runs/impl_1/usage_statistics_webtalk.xml' has been successfully sent to Xilinx on Thu Oct 12 09:21:42 2017. For additional details about this file, please refer to the WebTalk help file at C:/Xilinx/Vivado/2016.4/doc/webtalk_introduction.html.
INFO: [Common 17-83] Releasing license: Implementation
83 Infos, 16 Warnings, 0 Critical Warnings and 0 Errors encountered.
write_bitstream completed successfully
write_bitstream: Time (s): cpu = 00:00:17 ; elapsed = 00:00:19 . Memory (MB): peak = 1592.543 ; gain = 361.656
INFO: [Common 17-206] Exiting Vivado at Thu Oct 12 09:21:43 2017...
